0 silly input [ 'prepare' ]
1 silly flags { _: [ 'run' ], script: 'prepare', args: [] }
2 verbose rootPath C:\WORK\workspace_xtext\my-theia-xtext
3 info version 2.4.0
4 silly existsSync C:\WORK\workspace_xtext\my-theia-xtext\VERSION
5 silly initialize attempt
6 silly initialize success
7 silly execute attempt
8 silly runScriptInPackageStreaming [ 'prepare', [], '@theia/xtext-dsl-extension' ]
9 silly getExecOpts { cwd: 'C:\\WORK\\workspace_xtext\\my-theia-xtext\\xtext-dsl-extension' }
10 silly runScriptInPackageStreaming [ 'prepare', [], '@theia/xtext-stm-extension' ]
11 silly getExecOpts { cwd: 'C:\\WORK\\workspace_xtext\\my-theia-xtext\\xtext-stm-extension' }
12 silly runScriptInPackageStreaming [ 'prepare', [], '@theia/xtext-netconf-extension' ]
13 silly getExecOpts { cwd: 'C:\\WORK\\workspace_xtext\\my-theia-xtext\\xtext-netconf-extension' }
14 silly runScriptInPackageStreaming [ 'prepare', [], '@theia/xml' ]
15 silly getExecOpts { cwd: 'C:\\WORK\\workspace_xtext\\my-theia-xtext\\xml' }
16 error execute callback with error
17 error Error: Command failed: npm run prepare
17 error warning package.json: No license field
17 error warning package.json: No license field
17 error error Command failed with exit code 2.
17 error npm ERR! code ELIFECYCLE
17 error npm ERR! errno 2
17 error npm ERR! @theia/xtext-dsl-extension@0.1.0 prepare: `yarn run clean && yarn run build`
17 error npm ERR! Exit status 2
17 error npm ERR!
17 error npm ERR! Failed at the @theia/xtext-dsl-extension@0.1.0 prepare script.
17 error npm ERR! This is probably not a problem with npm. There is likely additional logging output above.
17 error
17 error npm ERR! A complete log of this run can be found in:
17 error npm ERR!     C:\Users\EZGUALI\AppData\Roaming\npm-cache\_logs\2019-06-12T06_54_25_747Z-debug.log
17 error
17 error
17 error > @theia/xtext-dsl-extension@0.1.0 prepare C:\WORK\workspace_xtext\my-theia-xtext\xtext-dsl-extension
17 error > yarn run clean && yarn run build
17 error
17 error yarn run v1.16.0
17 error $ rimraf lib
17 error Done in 0.46s.
17 error yarn run v1.16.0
17 error $ tsc && yarn run copy-ls
17 error ../node_modules/@types/prop-types/index.d.ts(34,46): error TS1005: ';' expected.
17 error ../node_modules/@types/prop-types/index.d.ts(34,75): error TS1005: ';' expected.
17 error ../node_modules/@types/prop-types/index.d.ts(34,99): error TS1005: ';' expected.
17 error ../node_modules/@types/prop-types/index.d.ts(36,47): error TS1005: ';' expected.
17 error ../node_modules/@types/prop-types/index.d.ts(36,48): error TS1109: Expression expected.
17 error ../node_modules/@types/prop-types/index.d.ts(36,49): error TS1109: Expression expected.
17 error ../node_modules/@types/prop-types/index.d.ts(36,76): error TS1109: Expression expected.
17 error ../node_modules/@types/prop-types/index.d.ts(36,100): error TS1005: ';' expected.
17 error ../node_modules/@types/prop-types/index.d.ts(36,103): error TS1109: Expression expected.
17 error ../node_modules/@types/prop-types/index.d.ts(36,119): error TS1109: Expression expected.
17 error ../node_modules/@types/prop-types/index.d.ts(36,144): error TS1005: ';' expected.
17 error ../node_modules/@types/prop-types/index.d.ts(36,152): error TS1128: Declaration or statement expected.
17 error ../node_modules/@types/prop-types/index.d.ts(36,160): error TS1005: ',' expected.
17 error ../node_modules/@types/prop-types/index.d.ts(38,50): error TS1005: ';' expected.
17 error ../node_modules/@types/prop-types/index.d.ts(38,51): error TS1109: Expression expected.
17 error ../node_modules/@types/prop-types/index.d.ts(38,52): error TS1109: Expression expected.
17 error ../node_modules/@types/prop-types/index.d.ts(38,69): error TS1005: '(' expected.
17 error ../node_modules/@types/prop-types/index.d.ts(38,71): error TS1128: Declaration or statement expected.
17 error ../node_modules/@types/prop-types/index.d.ts(51,30): error TS1005: ';' expected.
17 error ../node_modules/@types/prop-types/index.d.ts(51,54): error TS1005: ';' expected.
17 error ../node_modules/@types/prop-types/index.d.ts(51,57): error TS1109: Expression expected.
17 error ../node_modules/@types/react/index.d.ts(66,51): error TS1005: ';' expected.
17 error ../node_modules/@types/react/index.d.ts(67,17): error TS1005: ',' expected.
17 error ../node_modules/@types/react/index.d.ts(68,25): error TS1005: '(' expected.
17 error ../node_modules/@types/react/index.d.ts(117,21): error TS1005: ';' expected.
17 error ../node_modules/@types/react/index.d.ts(117,29): error TS1131: Property or signature expected.
17 error ../node_modules/@types/react/index.d.ts(117,35): error TS1005: ';' expected.
17 error ../node_modules/@types/react/index.d.ts(117,41): error TS1005: ':' expected.
17 error ../node_modules/@types/react/index.d.ts(117,55): error TS1109: Expression expected.
17 error ../node_modules/@types/react/index.d.ts(117,63): error TS1005: ';' expected.
17 error ../node_modules/@types/react/index.d.ts(117,67): error TS1128: Declaration or statement expected.
17 error ../node_modules/@types/react/index.d.ts(118,5): error TS1128: Declaration or statement expected.
17 error ../node_modules/@types/react/index.d.ts(326,50): error TS1005: ';' expected.
17 error ../node_modules/@types/react/index.d.ts(326,72): error TS1005: ';' expected.
17 error ../node_modules/@types/react/index.d.ts(326,75): error TS1109: Expression expected.
17 error ../node_modules/@types/react/index.d.ts(745,15): error TS1005: ';' expected.
17 error ../node_modules/@types/react/index.d.ts(745,29): error TS1005: ';' expected.
17 error ../node_modules/@types/react/index.d.ts(747,13): error TS1005: '(' expected.
17 error ../node_modules/@types/react/index.d.ts(747,16): error TS1005: ')' expected.
17 error ../node_modules/@types/react/index.d.ts(751,15): error TS1005: ';' expected.
17 error ../node_modules/@types/react/index.d.ts(751,29): error TS1005: ';' expected.
17 error ../node_modules/@types/react/index.d.ts(752,17): error TS1005: ':' expected.
17 error ../node_modules/@types/react/index.d.ts(752,31): error TS1109: Expression expected.
17 error ../node_modules/@types/react/index.d.ts(752,39): error TS1005: ';' expected.
17 error ../node_modules/@types/react/index.d.ts(753,17): error TS1128: Declaration or statement expected.
17 error ../node_modules/@types/react/index.d.ts(753,26): error TS1005: ';' expected.
17 error ../node_modules/@types/react/index.d.ts(754,42): error TS1005: '(' expected.
17 error ../node_modules/@types/react/index.d.ts(754,71): error TS1005: '(' expected.
17 error ../node_modules/@types/react/index.d.ts(755,21): error TS1005: ',' expected.
17 error ../node_modules/@types/react/index.d.ts(756,17): error TS1005: ',' expected.
17 error ../node_modules/@types/react/index.d.ts(757,13): error TS1005: ',' expected.
17 error ../node_modules/@types/react/index.d.ts(757,16): error TS1005: ')' expected.
17 error ../node_modules/@types/react/index.d.ts(766,11): error TS1005: ';' expected.
17 error ../node_modules/@types/react/index.d.ts(766,47): error TS1005: ';' expected.
17 error ../node_modules/@types/react/index.d.ts(767,13): error TS1109: Expression expected.
17 error ../node_modules/@types/react/index.d.ts(768,17): error TS1005: ';' expected.
17 error ../node_modules/@types/react/index.d.ts(768,31): error TS1005: ';' expected.
17 error ../node_modules/@types/react/index.d.ts(772,11): error TS1005: ';' expected.
17 error ../node_modules/@types/react/index.d.ts(772,40): error TS1005: ';' expected.
17 error ../node_modules/@types/react/index.d.ts(773,13): error TS1109: Expression expected.
17 error ../node_modules/@types/react/index.d.ts(773,34): error TS1005: '(' expected.
17 error ../node_modules/@types/react/index.d.ts(774,13): error TS1005: '(' expected.
17 error ../node_modules/@types/react/index.d.ts(774,46): error TS1005: '(' expected.
17 error ../node_modules/@types/react/index.d.ts(816,56): error TS1005: ';' expected.
17 error ../node_modules/@types/react/index.d.ts(816,78): error TS1005: ';' expected.
17 error ../node_modules/@types/react/index.d.ts(816,86): error TS1109: Expression expected.
17 error ../node_modules/@types/react/index.d.ts(817,57): error TS1005: ';' expected.
17 error ../node_modules/@types/react/index.d.ts(817,84): error TS1005: ';' expected.
17 error ../node_modules/@types/react/index.d.ts(817,87): error TS1109: Expression expected.
17 error ../node_modules/@types/react/index.d.ts(2687,31): error TS1005: ';' expected.
17 error ../node_modules/@types/react/index.d.ts(2689,13): error TS1005: '(' expected.
17 error ../node_modules/@types/react/index.d.ts(2689,25): error TS1005: ',' expected.
17 error ../node_modules/@types/react/index.d.ts(2691,13): error TS1005: '(' expected.
17 error ../node_modules/@types/react/index.d.ts(2692,5): error TS1005: '(' expected.
17 error ../node_modules/@types/react/index.d.ts(2692,6): error TS1005: ')' expected.
17 error ../node_modules/@types/react/index.d.ts(2721,33): error TS1005: ';' expected.
17 error ../node_modules/@types/react/index.d.ts(2721,41): error TS1131: Property or signature expected.
17 error ../node_modules/@types/react/index.d.ts(2722,28): error TS1005: ',' expected.
17 error ../node_modules/@types/react/index.d.ts(2722,38): error TS1005: ';' expected.
17 error ../node_modules/@types/react/index.d.ts(2723,5): error TS1128: Declaration or statement expected.
17 error ../node_modules/@types/react/index.d.ts(2762,1): error TS1128: Declaration or statement expected.
17 error ../node_modules/@types/react/index.d.ts(2766,32): error TS1005: ';' expected.
17 error ../node_modules/@types/react/index.d.ts(2766,43): error TS1005: ')' expected.
17 error ../node_modules/@types/react/index.d.ts(2766,71): error TS1005: ';' expected.
17 error ../node_modules/@types/react/index.d.ts(2766,73): error TS1128: Declaration or statement expected.
17 error ../node_modules/@types/react/index.d.ts(2766,80): error TS1005: ';' expected.
17 error ../node_modules/@types/react/index.d.ts(2768,71): error TS1005: ';' expected.
17 error ../node_modules/@types/react/index.d.ts(2768,96): error TS1128: Declaration or statement expected.
17 error ../node_modules/@types/react/index.d.ts(2768,104): error TS1005: ',' expected.
17 error ../node_modules/@types/react/index.d.ts(2774,7): error TS1005: ';' expected.
17 error ../node_modules/@types/react/index.d.ts(2776,27): error TS1109: Expression expected.
17 error ../node_modules/@types/react/index.d.ts(2778,20): error TS1005: ';' expected.
17 error ../node_modules/@types/react/index.d.ts(2778,34): error TS1005: ';' expected.
17 error ../node_modules/@types/react/index.d.ts(2780,17): error TS1109: Expression expected.
17 error ../node_modules/@types/react/index.d.ts(2782,17): error TS1005: '(' expected.
17 error ../node_modules/@types/react/index.d.ts(2784,17): error TS1005: '(' expected.
17 error ../node_modules/@types/react/index.d.ts(2785,9): error TS1005: '(' expected.
17 error ../node_modules/@types/react/index.d.ts(2785,16): error TS1005: ')' expected.
17 error ../node_modules/@types/react/index.d.ts(2791,27): error TS1005: ';' expected.
17 error ../node_modules/@types/react/index.d.ts(2792,14): error TS1005: ':' expected.
17 error ../node_modules/@types/react/index.d.ts(2792,28): error TS1005: ';' expected.
17 error ../node_modules/@types/react/index.d.ts(2793,9): error TS1109: Expression expected.
17 error ../node_modules/@types/react/index.d.ts(2794,9): error TS1005: '(' expected.
17 error ../node_modules/@types/react/index.d.ts(2795,9): error TS1005: '(' expected.
17 error ../node_modules/@types/react/index.d.ts(2796,5): error TS1005: '(' expected.
17 error ../node_modules/@types/react/index.d.ts(2796,12): error TS1005: ')' expected.
17 error ../node_modules/@types/react/index.d.ts(2798,39): error TS1005: ';' expected.
17 error ../node_modules/@types/react/index.d.ts(2798,66): error TS1005: ';' expected.
17 error ../node_modules/@types/react/index.d.ts(2798,89): error TS1005: ';' expected.
17 error ../node_modules/@types/react/index.d.ts(2799,5): error TS1128: Declaration or statement expected.
17 error ../node_modules/@types/react/index.d.ts(2800,5): error TS1005: '(' expected.
17 error ../node_modules/@types/react/index.d.ts(2800,9): error TS1005: ',' expected.
17 error ../node_modules/@types/react/index.d.ts(2800,36): error TS1005: ',' expected.
17 error ../node_modules/@types/react/index.d.ts(2800,37): error TS1005: ':' expected.
17 error ../node_modules/@types/react/index.d.ts(2802,9): error TS1005: '(' expected.
17 error ../node_modules/@types/react/index.d.ts(2802,13): error TS1005: ',' expected.
17 error ../node_modules/@types/react/index.d.ts(2802,43): error TS1005: ',' expected.
17 error ../node_modules/@types/react/index.d.ts(2802,44): error TS1005: ':' expected.
17 error ../node_modules/@types/react/index.d.ts(2804,13): error TS1005: '(' expected.
17 error ../node_modules/@types/react/index.d.ts(2804,16): error TS1005: ')' expected.
17 error ../node_modules/@types/react/index.d.ts(2818,49): error TS1005: ';' expected.
17 error ../node_modules/@types/react/index.d.ts(2818,89): error TS1005: ';' expected.
17 error ../node_modules/@types/react/index.d.ts(2818,92): error TS1109: Expression expected.
17 error ../node_modules/@types/react/index.d.ts(2818,126): error TS1005: ';' expected.
17 error ../node_modules/@types/react/index.d.ts(2819,13): error TS1109: Expression expected.
17 error ../node_modules/@types/react/index.d.ts(2819,17): error TS1005: ':' expected.
17 error ../node_modules/@types/react/index.d.ts(2819,57): error TS1005: ';' expected.
17 error ../node_modules/@types/react/index.d.ts(2819,60): error TS1109: Expression expected.
17 error ../node_modules/@types/react/index.d.ts(2819,94): error TS1005: ';' expected.
17 error ../node_modules/@types/react/index.d.ts(2820,17): error TS1109: Expression expected.
17 error ../node_modules/@types/react/index.d.ts(2821,17): error TS1005: '(' expected.
17 error ../node_modules/@types/react/index.d.ts(2822,13): error TS1005: '(' expected.
17 error ../node_modules/@types/react/index.d.ts(2822,43): error TS1005: '(' expected.
17 error info Visit https://yarnpkg.com/en/docs/cli/run for documentation about this command.
17 error
17 error     at Promise.all.then.arr (C:\WORK\workspace_xtext\my-theia-xtext\node_modules\execa\index.js:236:11)
17 error     at <anonymous>
